2024-06-06 16:33:31,816 - MiniGoogleCloudCollector - INFO - Starting the program.
2024-06-06 16:33:32,588 - MiniGoogleCloudCollector - INFO - Printing all roles in the project.
2024-06-06 16:33:32,589 - MiniGoogleCloudCollector - INFO - 
=====================================
[Role 1 of 21]
    Role: projects/bluese-cloudone-20200113/roles/150
    Title: assets viewer
    Description:
    생성일: 2023-03-06
=====================================
[Role 2 of 21]
    Role: projects/bluese-cloudone-20200113/roles/227
    Title: spaceone-cloud-logging-viewer
    Description:
    생성일: 2023-09-05
=====================================
[Role 3 of 21]
    Role: projects/bluese-cloudone-20200113/roles/261
    Title: mini-collector-iam-viewer
    Description:
    생성일: 2024-06-06
2024 Summer 인턴십 - 미니 구글 클라우드 컬렉터 프로젝트용 두 번째 역할입니다.
=====================================
[Role 4 of 21]
    Role: projects/bluese-cloudone-20200113/roles/419
    Title: spaceone-gcp-role-demo-test
    Description:
    생성일: 2023-05-19
=====================================
[Role 5 of 21]
    Role: projects/bluese-cloudone-20200113/roles/609
    Title: mini-collector-resource-viewer
    Description:
    생성일: 2024-06-04
2024 Summer 인턴십 - 미니 구글 클라우드 컬렉터 프로젝트용 역할입니다.
- Compute Engine VM Instance (name: "mini-collector-instance") 에 대한 'get' 접근 권한을 가진 역할.
=====================================
[Role 6 of 21]
    Role: projects/bluese-cloudone-20200113/roles/638
    Title: GCP-plugin-recommender-role
    Description:
    생성일: 2023-03-16
=====================================
[Role 7 of 21]
    Role: projects/bluese-cloudone-20200113/roles/649
    Title: gcp-plugin-needed-storage-role
    Description:
    생성일: 2023-03-13
=====================================
[Role 8 of 21]
    Role: projects/bluese-cloudone-20200113/roles/878
    Title: google-billing-viewer
    Description:
    생성일: 2023-08-16
=====================================
[Role 9 of 21]
    Role: projects/bluese-cloudone-20200113/roles/915
    Title: plugin google collector for import/export
    Description:
    생성일: 2021-04-08
=====================================
[Role 10 of 21]
    Role: projects/bluese-cloudone-20200113/roles/955
    Title: Storage 뷰어
    Description:
    생성일: 2023-05-22
=====================================
[Role 11 of 21]
    Role: projects/bluese-cloudone-20200113/roles/CloudFunctionPluginrole
    Title: CloudFunctionPluginrole
    Description:
    CloudFunctionPluginrole
=====================================
[Role 12 of 21]
    Role: projects/bluese-cloudone-20200113/roles/CloudStoragePluginrole
    Title: CloudStoragePluginrole
    Description:
    
=====================================
[Role 13 of 21]
    Role: projects/bluese-cloudone-20200113/roles/ComputeEnginePluginrole
    Title: ComputeEnginePluginrole
    Description:
    Created on: 2020-01-29
=====================================
[Role 14 of 21]
    Role: projects/bluese-cloudone-20200113/roles/CustomRole
    Title: plugin-collector-role-special-svc
    Description:
    Created on: 2021-04-07
=====================================
[Role 15 of 21]
    Role: projects/bluese-cloudone-20200113/roles/CustomRole389
    Title: spaceone-google-cloud-collector-storage
    Description:
    Created on: 2022-03-15
SpaceONE Google Cloud Collector Role for Storage Resource
=====================================
[Role 16 of 21]
    Role: projects/bluese-cloudone-20200113/roles/CustomRole826
    Title: cloudforet-gcp-role
    Description:
    Created on: 2022-10-14
=====================================
[Role 17 of 21]
    Role: projects/bluese-cloudone-20200113/roles/DevPluginSchedulerRole
    Title: Dev Plugin Scheduler Role
    Description:
    Created on: 2020-10-21
=====================================
[Role 18 of 21]
    Role: projects/bluese-cloudone-20200113/roles/PowerScheduler
    Title: Sample SpaceONE Power Scheduler
    Description:
    Created on: 2021-02-10
=====================================
[Role 19 of 21]
    Role: projects/bluese-cloudone-20200113/roles/SamsungControllerRole
    Title: Samsung Controller Role
    Description:
    Scheduler Controller Plugin Role for Samsung 
Created on: 2020-10-21
=====================================
[Role 20 of 21]
    Role: projects/bluese-cloudone-20200113/roles/SpaceONECustomRole01
    Title: SpaceONE Custom Role
    Description:
    SpaceONE Custom Role for Asset Inventory Collector
=====================================
[Role 21 of 21]
    Role: projects/bluese-cloudone-20200113/roles/spaceone_custom_role
    Title: spaceone custom role
    Description:
    Created on: 2021-12-01
Created by: gikang@mz.co.kr
=====================================
2024-06-06 16:33:32,595 - MiniGoogleCloudCollector - INFO - Getting role: projects/bluese-cloudone-20200113/roles/609...
2024-06-06 16:33:33,082 - MiniGoogleCloudCollector - INFO - 
=====================================
[Role]
    Role: projects/bluese-cloudone-20200113/roles/609
    Title: mini-collector-resource-viewer
    Description:
    생성일: 2024-06-04
2024 Summer 인턴십 - 미니 구글 클라우드 컬렉터 프로젝트용 역할입니다.
- Compute Engine VM Instance (name: "mini-collector-instance") 에 대한 'get' 접근 권한을 가진 역할.
=====================================
2024-06-06 16:33:33,082 - MiniGoogleCloudCollector - INFO - Exiting.
2024-06-06 16:58:49,951 - MiniGoogleCloudCollector - INFO - 
    Manual Deployment:
    The command `uvicorn get_storage_buckets:app --reload` will run the app.
    You can visit http://localhost:8000 to check the app.
    Press Ctrl+C to stop the app.
    
